[ 2025-12-27 23:46:34,243 ] 1025 httpx - INFO - HTTP Request: GET https://dagshub.com/api/v1/user "HTTP/1.1 200 OK"
[ 2025-12-27 23:46:34,248 ] 107 dagshub - INFO - Accessing as iamshubhmkr
[ 2025-12-27 23:46:35,161 ] 1025 httpx - INFO - HTTP Request: GET https://dagshub.com/api/v1/repos/iamshubhmkr/networksecurity "HTTP/1.1 200 OK"
[ 2025-12-27 23:46:35,990 ] 1025 httpx - INFO - HTTP Request: GET https://dagshub.com/api/v1/user "HTTP/1.1 200 OK"
[ 2025-12-27 23:46:35,991 ] 107 dagshub - INFO - Initialized MLflow to track repo "iamshubhmkr/networksecurity"
[ 2025-12-27 23:46:35,991 ] 107 dagshub - INFO - Repository iamshubhmkr/networksecurity initialized!
[ 2025-12-27 23:47:15,033 ] 42 root - INFO - Start data Ingestion
[ 2025-12-27 23:47:19,285 ] 65 root - INFO - Performed train test split on the dataframe
[ 2025-12-27 23:47:19,285 ] 67 root - INFO - Exited split_data_as_train_test method of Data_Ingestion class
[ 2025-12-27 23:47:19,285 ] 75 root - INFO - Exporting train and test file path.
[ 2025-12-27 23:47:19,329 ] 84 root - INFO - Exported train and test file path.
[ 2025-12-27 23:47:19,329 ] 45 root - INFO - Data Ingestion completed and artifact: DataIngestionArtifact(trained_file_path='Artifacts/12_27_2025_23_46_31/data_ingestion/ingested/train.csv', test_file_path='Artifacts/12_27_2025_23_46_31/data_ingestion/ingested/test.csv')
[ 2025-12-27 23:47:19,332 ] 55 root - INFO - Initiate the data Validation
[ 2025-12-27 23:47:19,345 ] 32 root - INFO - Required number of columns:2
[ 2025-12-27 23:47:19,346 ] 33 root - INFO - Data frame has columns:31
[ 2025-12-27 23:47:19,346 ] 32 root - INFO - Required number of columns:2
[ 2025-12-27 23:47:19,346 ] 33 root - INFO - Data frame has columns:31
[ 2025-12-27 23:47:19,447 ] 63 root - INFO - Entered initiate_data_transformation method of DataTransformation class
[ 2025-12-27 23:47:19,447 ] 65 root - INFO - Starting data transformation
[ 2025-12-27 23:47:19,460 ] 48 root - INFO - Entered get_data_trnasformer_object method of Trnasformation class
[ 2025-12-27 23:47:19,460 ] 53 root - INFO - Initialise KNNImputer with {'missing_values': nan, 'n_neighbors': 3, 'weights': 'uniform'}
[ 2025-12-27 23:47:19,465 ] 46 root - INFO - Entered the save_object method of MainUtils class
[ 2025-12-27 23:47:19,466 ] 50 root - INFO - Exited the save_object method of MainUtils class
[ 2025-12-27 23:47:19,466 ] 46 root - INFO - Entered the save_object method of MainUtils class
[ 2025-12-27 23:47:19,469 ] 50 root - INFO - Exited the save_object method of MainUtils class
[ 2025-12-27 23:51:18,360 ] 46 root - INFO - Entered the save_object method of MainUtils class
[ 2025-12-27 23:51:18,360 ] 50 root - INFO - Exited the save_object method of MainUtils class
[ 2025-12-27 23:51:18,360 ] 46 root - INFO - Entered the save_object method of MainUtils class
[ 2025-12-27 23:51:18,370 ] 50 root - INFO - Exited the save_object method of MainUtils class
[ 2025-12-27 23:51:18,370 ] 173 root - INFO - Model trainer artifact: ModelTrainerArtifact(trained_model_file_path='Artifacts/12_27_2025_23_46_31/model_trainer/trained_model/model.pkl', train_metric_artifact=ClassificationMetricArtifact(f1_score=0.9916153146782504, precision_score=0.9893166700262044, recall_score=0.9939246658566221), test_metric_artifact=ClassificationMetricArtifact(f1_score=0.9758493655341793, precision_score=0.9738562091503268, recall_score=0.977850697292863))
