[ 2025-12-27 23:36:40,378 ] 1025 httpx - INFO - HTTP Request: GET https://dagshub.com/api/v1/user "HTTP/1.1 200 OK"
[ 2025-12-27 23:36:40,382 ] 107 dagshub - INFO - Accessing as iamshubhmkr
[ 2025-12-27 23:36:41,284 ] 1025 httpx - INFO - HTTP Request: GET https://dagshub.com/api/v1/repos/iamshubhmkr/networksecurity "HTTP/1.1 200 OK"
[ 2025-12-27 23:36:42,580 ] 1025 httpx - INFO - HTTP Request: GET https://dagshub.com/api/v1/user "HTTP/1.1 200 OK"
[ 2025-12-27 23:36:42,581 ] 107 dagshub - INFO - Initialized MLflow to track repo "iamshubhmkr/networksecurity"
[ 2025-12-27 23:36:42,581 ] 107 dagshub - INFO - Repository iamshubhmkr/networksecurity initialized!
[ 2025-12-27 23:42:04,533 ] 42 root - INFO - Start data Ingestion
[ 2025-12-27 23:42:06,690 ] 65 root - INFO - Performed train test split on the dataframe
[ 2025-12-27 23:42:06,690 ] 67 root - INFO - Exited split_data_as_train_test method of Data_Ingestion class
[ 2025-12-27 23:42:06,691 ] 75 root - INFO - Exporting train and test file path.
[ 2025-12-27 23:42:06,734 ] 84 root - INFO - Exported train and test file path.
[ 2025-12-27 23:42:06,734 ] 45 root - INFO - Data Ingestion completed and artifact: DataIngestionArtifact(trained_file_path='Artifacts/12_27_2025_23_36_36/data_ingestion/ingested/train.csv', test_file_path='Artifacts/12_27_2025_23_36_36/data_ingestion/ingested/test.csv')
[ 2025-12-27 23:42:06,738 ] 55 root - INFO - Initiate the data Validation
[ 2025-12-27 23:42:06,752 ] 32 root - INFO - Required number of columns:2
[ 2025-12-27 23:42:06,752 ] 33 root - INFO - Data frame has columns:31
[ 2025-12-27 23:42:06,752 ] 32 root - INFO - Required number of columns:2
[ 2025-12-27 23:42:06,752 ] 33 root - INFO - Data frame has columns:31
[ 2025-12-27 23:42:06,856 ] 63 root - INFO - Entered initiate_data_transformation method of DataTransformation class
[ 2025-12-27 23:42:06,856 ] 65 root - INFO - Starting data transformation
[ 2025-12-27 23:42:06,869 ] 48 root - INFO - Entered get_data_trnasformer_object method of Trnasformation class
[ 2025-12-27 23:42:06,869 ] 53 root - INFO - Initialise KNNImputer with {'missing_values': nan, 'n_neighbors': 3, 'weights': 'uniform'}
[ 2025-12-27 23:42:06,875 ] 46 root - INFO - Entered the save_object method of MainUtils class
[ 2025-12-27 23:42:06,879 ] 50 root - INFO - Exited the save_object method of MainUtils class
[ 2025-12-27 23:42:06,879 ] 46 root - INFO - Entered the save_object method of MainUtils class
[ 2025-12-27 23:42:06,881 ] 50 root - INFO - Exited the save_object method of MainUtils class
[ 2025-12-27 23:45:53,410 ] 46 root - INFO - Entered the save_object method of MainUtils class
[ 2025-12-27 23:45:53,411 ] 50 root - INFO - Exited the save_object method of MainUtils class
[ 2025-12-27 23:45:53,411 ] 46 root - INFO - Entered the save_object method of MainUtils class
[ 2025-12-27 23:45:53,432 ] 50 root - INFO - Exited the save_object method of MainUtils class
[ 2025-12-27 23:45:53,432 ] 173 root - INFO - Model trainer artifact: ModelTrainerArtifact(trained_model_file_path='Artifacts/12_27_2025_23_36_36/model_trainer/trained_model/model.pkl', train_metric_artifact=ClassificationMetricArtifact(f1_score=0.990994637255894, precision_score=0.9894928268337038, recall_score=0.9925010133765707), test_metric_artifact=ClassificationMetricArtifact(f1_score=0.975767366720517, precision_score=0.9640861931364725, recall_score=0.9877350776778414))
