[ 2025-12-27 19:45:54,277 ] 1025 httpx - INFO - HTTP Request: GET https://dagshub.com/api/v1/user "HTTP/1.1 200 OK"
[ 2025-12-27 19:45:54,285 ] 107 dagshub - INFO - Accessing as iamshubhmkr
[ 2025-12-27 19:45:55,207 ] 1025 httpx - INFO - HTTP Request: GET https://dagshub.com/api/v1/repos/iamshubhmkr/networksecurity "HTTP/1.1 200 OK"
[ 2025-12-27 19:45:56,120 ] 1025 httpx - INFO - HTTP Request: GET https://dagshub.com/api/v1/user "HTTP/1.1 200 OK"
[ 2025-12-27 19:45:56,122 ] 107 dagshub - INFO - Initialized MLflow to track repo "iamshubhmkr/networksecurity"
[ 2025-12-27 19:45:56,123 ] 107 dagshub - INFO - Repository iamshubhmkr/networksecurity initialized!
[ 2025-12-27 19:45:56,123 ] 23 root - INFO - Initiate the data ingestion
[ 2025-12-27 19:45:58,047 ] 65 root - INFO - Performed train test split on the dataframe
[ 2025-12-27 19:45:58,047 ] 67 root - INFO - Exited split_data_as_train_test method of Data_Ingestion class
[ 2025-12-27 19:45:58,048 ] 75 root - INFO - Exporting train and test file path.
[ 2025-12-27 19:45:58,091 ] 84 root - INFO - Exported train and test file path.
[ 2025-12-27 19:45:58,092 ] 25 root - INFO - Data Initiation Completed
[ 2025-12-27 19:45:58,095 ] 30 root - INFO - Initiate the data Validation
[ 2025-12-27 19:45:58,110 ] 32 root - INFO - Required number of columns:2
[ 2025-12-27 19:45:58,110 ] 33 root - INFO - Data frame has columns:31
[ 2025-12-27 19:45:58,110 ] 32 root - INFO - Required number of columns:2
[ 2025-12-27 19:45:58,110 ] 33 root - INFO - Data frame has columns:31
[ 2025-12-27 19:45:58,234 ] 32 root - INFO - data Validation Completed
[ 2025-12-27 19:45:58,234 ] 37 root - INFO - data Transformation started
[ 2025-12-27 19:45:58,234 ] 63 root - INFO - Entered initiate_data_transformation method of DataTransformation class
[ 2025-12-27 19:45:58,234 ] 65 root - INFO - Starting data transformation
[ 2025-12-27 19:45:58,249 ] 48 root - INFO - Entered get_data_trnasformer_object method of Trnasformation class
[ 2025-12-27 19:45:58,249 ] 53 root - INFO - Initialise KNNImputer with {'missing_values': nan, 'n_neighbors': 3, 'weights': 'uniform'}
[ 2025-12-27 19:45:58,259 ] 46 root - INFO - Entered the save_object method of MainUtils class
[ 2025-12-27 19:45:58,263 ] 50 root - INFO - Exited the save_object method of MainUtils class
[ 2025-12-27 19:45:58,263 ] 46 root - INFO - Entered the save_object method of MainUtils class
[ 2025-12-27 19:45:58,266 ] 50 root - INFO - Exited the save_object method of MainUtils class
[ 2025-12-27 19:45:58,267 ] 41 root - INFO - data Transformation completed
[ 2025-12-27 19:45:58,267 ] 43 root - INFO - Model Training sstared
